<?xml version="1.0" encoding="UTF-8"?>
<!-- Generated by org.testng.reporters.JUnitReportReporter -->
<testsuite hostname="DESKTOP-CAUKBV7" name="Flip.Test2" tests="1" failures="0" timestamp="3 Oct 2021 02:05:41 GMT" time="34.163" errors="0">
  <testcase name="CreateCustomer" time="34.163" classname="Flip.Test2"/>
</testsuite> <!-- Flip.Test2 -->
