<?xml version="1.0" encoding="UTF-8"?>
<!-- Generated by org.testng.reporters.JUnitReportReporter -->
<testsuite hostname="DESKTOP-CAUKBV7" name="Flip.LoginTest" tests="2" failures="0" timestamp="6 Oct 2021 06:59:54 GMT" time="64.492" errors="0">
  <testcase name="CreateCustomer" time="31.869" classname="Flip.LoginTest"/>
  <testcase name="CreateCustomer2" time="32.623" classname="Flip.LoginTest"/>
</testsuite> <!-- Flip.LoginTest -->
